2019-04-09 11:19:22.772  INFO 10408 --- [restartedMain] cn.bywin.by.Application                  : Starting Application on DESKTOP-DSUOJGP with PID 10408 (E:\byCode\health-emr\out\production\classes started by Think in E:\byCode\health-emr)
2019-04-09 11:19:22.780 DEBUG 10408 --- [restartedMain] cn.bywin.by.Application                  : Running with Spring Boot v2.1.1.RELEASE, Spring v5.1.3.RELEASE
2019-04-09 11:19:22.783  INFO 10408 --- [restartedMain] cn.bywin.by.Application                  : The following profiles are active: dev
2019-04-09 11:19:22.939  INFO 10408 --- [restartedMain] .e.DevToolsPropertyDefaultsPostProcessor : Devtools property defaults active! Set 'spring.devtools.add-properties' to 'false' to disable
2019-04-09 11:19:22.939  INFO 10408 --- [restartedMain] .e.DevToolsPropertyDefaultsPostProcessor : For additional web related logging consider setting the 'logging.level.web' property to 'DEBUG'
2019-04-09 11:19:25.449  INFO 10408 --- [restartedMain] .s.d.r.c.RepositoryConfigurationDelegate : Multiple Spring Data modules found, entering strict repository configuration mode!
2019-04-09 11:19:25.452  INFO 10408 --- [restartedMain] .s.d.r.c.RepositoryConfigurationDelegate : Bootstrapping Spring Data repositories in DEFAULT mode.
2019-04-09 11:19:25.506  INFO 10408 --- [restartedMain] .s.d.r.c.RepositoryConfigurationDelegate : Finished Spring Data repository scanning in 27ms. Found 0 repository interfaces.
2019-04-09 11:19:26.154  INFO 10408 --- [restartedMain] trationDelegate$BeanPostProcessorChecker : Bean 'org.springframework.transaction.annotation.ProxyTransactionManagementConfiguration' of type [org.springframework.transaction.annotation.ProxyTransactionManagementConfiguration$$EnhancerBySpringCGLIB$$96c2a418] is not eligible for getting processed by all BeanPostProcessors (for example: not eligible for auto-proxying)
2019-04-09 11:19:27.171  INFO 10408 --- [restartedMain] o.s.b.w.embedded.tomcat.TomcatWebServer  : Tomcat initialized with port(s): 8080 (http)
2019-04-09 11:19:27.209  INFO 10408 --- [restartedMain] o.apache.catalina.core.StandardService   : Starting service [Tomcat]
2019-04-09 11:19:27.210  INFO 10408 --- [restartedMain] org.apache.catalina.core.StandardEngine  : Starting Servlet Engine: Apache Tomcat/9.0.13
2019-04-09 11:19:27.224  INFO 10408 --- [restartedMain] o.a.catalina.core.AprLifecycleListener   : The APR based Apache Tomcat Native library which allows optimal performance in production environments was not found on the java.library.path: [D:\tool\JDK-8\bin;C:\Windows\Sun\Java\bin;C:\Windows\system32;C:\Windows;C:\Windows\system32;C:\Windows;C:\Windows\System32\Wbem;C:\Windows\System32\WindowsPowerShell\v1.0\;C:\Windows\System32\OpenSSH\;D:\tool\git\Git\cmd;C:\Program Files\MySQL\MySQL Server 8.0\bin;D:\tool\plsql\PLSQL Developer\instantclient_12_1\network\admin;C:\Program Files (x86)\Common Files\Oracle\Java\javapath;C:\Users\Think\AppData\Local\Microsoft\WindowsApps;;.]
2019-04-09 11:19:27.394  INFO 10408 --- [restartedMain] o.a.c.c.C.[Tomcat].[localhost].[/]       : Initializing Spring embedded WebApplicationContext
2019-04-09 11:19:27.394  INFO 10408 --- [restartedMain] o.s.web.context.ContextLoader            : Root WebApplicationContext: initialization completed in 4455 ms
2019-04-09 11:19:27.913  INFO 10408 --- [restartedMain] com.alibaba.druid.pool.DruidDataSource   : {dataSource-1} inited
2019-04-09 11:19:27.972  INFO 10408 --- [restartedMain] com.alibaba.druid.pool.DruidDataSource   : {dataSource-2} inited
2019-04-09 11:19:27.990  INFO 10408 --- [restartedMain] com.alibaba.druid.pool.DruidDataSource   : {dataSource-3} inited
2019-04-09 11:19:29.967  INFO 10408 --- [restartedMain] pertySourcedRequestMappingHandlerMapping : Mapped URL path [/v2/api-docs] onto method [public org.springframework.http.ResponseEntity<springfox.documentation.spring.web.json.Json> springfox.documentation.swagger2.web.Swagger2Controller.getDocumentation(java.lang.String,javax.servlet.http.HttpServletRequest)]
2019-04-09 11:19:30.296  INFO 10408 --- [restartedMain] o.s.s.concurrent.ThreadPoolTaskExecutor  : Initializing ExecutorService 'applicationTaskExecutor'
2019-04-09 11:19:30.402  INFO 10408 --- [restartedMain] o.s.b.d.a.OptionalLiveReloadServer       : LiveReload server is running on port 35729
2019-04-09 11:19:31.559  INFO 10408 --- [restartedMain] d.s.w.p.DocumentationPluginsBootstrapper : Context refreshed
2019-04-09 11:19:31.595  INFO 10408 --- [restartedMain] d.s.w.p.DocumentationPluginsBootstrapper : Found 1 custom documentation plugin(s)
2019-04-09 11:19:31.653  INFO 10408 --- [restartedMain] s.d.s.w.s.ApiListingReferenceScanner     : Scanning for api listing references
2019-04-09 11:19:31.978  INFO 10408 --- [restartedMain] .d.s.w.r.o.CachingOperationNameGenerator : Generating unique operation named: addUsingPOST_1
2019-04-09 11:19:31.980  INFO 10408 --- [restartedMain] .d.s.w.r.o.CachingOperationNameGenerator : Generating unique operation named: deleteUsingPOST_1
2019-04-09 11:19:31.983  INFO 10408 --- [restartedMain] .d.s.w.r.o.CachingOperationNameGenerator : Generating unique operation named: detailUsingPOST_1
2019-04-09 11:19:31.988  INFO 10408 --- [restartedMain] .d.s.w.r.o.CachingOperationNameGenerator : Generating unique operation named: listUsingPOST_1
2019-04-09 11:19:31.992  INFO 10408 --- [restartedMain] .d.s.w.r.o.CachingOperationNameGenerator : Generating unique operation named: updateUsingPOST_1
2019-04-09 11:19:31.999  INFO 10408 --- [restartedMain] .d.s.w.r.o.CachingOperationNameGenerator : Generating unique operation named: addUsingPOST_2
2019-04-09 11:19:32.002  INFO 10408 --- [restartedMain] .d.s.w.r.o.CachingOperationNameGenerator : Generating unique operation named: deleteUsingPOST_2
2019-04-09 11:19:32.006  INFO 10408 --- [restartedMain] .d.s.w.r.o.CachingOperationNameGenerator : Generating unique operation named: detailUsingPOST_2
2019-04-09 11:19:32.009  INFO 10408 --- [restartedMain] .d.s.w.r.o.CachingOperationNameGenerator : Generating unique operation named: listUsingPOST_2
2019-04-09 11:19:32.011  INFO 10408 --- [restartedMain] .d.s.w.r.o.CachingOperationNameGenerator : Generating unique operation named: updateUsingPOST_2
2019-04-09 11:19:32.130  INFO 10408 --- [restartedMain] o.s.b.w.embedded.tomcat.TomcatWebServer  : Tomcat started on port(s): 8080 (http) with context path ''
2019-04-09 11:19:32.137  INFO 10408 --- [restartedMain] cn.bywin.by.Application                  : Started Application in 11.06 seconds (JVM running for 13.674)
2019-04-09 11:20:01.036  INFO 10408 --- [Thread-25] o.s.s.concurrent.ThreadPoolTaskExecutor  : Shutting down ExecutorService 'applicationTaskExecutor'
2019-04-09 11:20:01.044  INFO 10408 --- [Thread-25] com.alibaba.druid.pool.DruidDataSource   : {dataSource-3} closed
2019-04-09 11:20:01.045  INFO 10408 --- [Thread-25] com.alibaba.druid.pool.DruidDataSource   : {dataSource-2} closed
2019-04-09 11:20:01.046  INFO 10408 --- [Thread-25] com.alibaba.druid.pool.DruidDataSource   : {dataSource-1} closed
2019-04-09 11:20:03.104  INFO 10408 --- [restartedMain] cn.bywin.by.Application                  : Starting Application on DESKTOP-DSUOJGP with PID 10408 (E:\byCode\health-emr\out\production\classes started by Think in E:\byCode\health-emr)
2019-04-09 11:20:03.105 DEBUG 10408 --- [restartedMain] cn.bywin.by.Application                  : Running with Spring Boot v2.1.1.RELEASE, Spring v5.1.3.RELEASE
2019-04-09 11:20:03.105  INFO 10408 --- [restartedMain] cn.bywin.by.Application                  : The following profiles are active: dev
2019-04-09 11:20:04.701  INFO 10408 --- [restartedMain] .s.d.r.c.RepositoryConfigurationDelegate : Multiple Spring Data modules found, entering strict repository configuration mode!
2019-04-09 11:20:04.701  INFO 10408 --- [restartedMain] .s.d.r.c.RepositoryConfigurationDelegate : Bootstrapping Spring Data repositories in DEFAULT mode.
2019-04-09 11:20:04.714  INFO 10408 --- [restartedMain] .s.d.r.c.RepositoryConfigurationDelegate : Finished Spring Data repository scanning in 13ms. Found 0 repository interfaces.
2019-04-09 11:20:04.856  INFO 10408 --- [restartedMain] trationDelegate$BeanPostProcessorChecker : Bean 'org.springframework.transaction.annotation.ProxyTransactionManagementConfiguration' of type [org.springframework.transaction.annotation.ProxyTransactionManagementConfiguration$$EnhancerBySpringCGLIB$$96c2a418] is not eligible for getting processed by all BeanPostProcessors (for example: not eligible for auto-proxying)
2019-04-09 11:20:05.383  INFO 10408 --- [restartedMain] o.s.b.w.embedded.tomcat.TomcatWebServer  : Tomcat initialized with port(s): 8080 (http)
2019-04-09 11:20:05.384  INFO 10408 --- [restartedMain] o.apache.catalina.core.StandardService   : Starting service [Tomcat]
2019-04-09 11:20:05.384  INFO 10408 --- [restartedMain] org.apache.catalina.core.StandardEngine  : Starting Servlet Engine: Apache Tomcat/9.0.13
2019-04-09 11:20:05.434  INFO 10408 --- [restartedMain] o.a.c.c.C.[Tomcat].[localhost].[/]       : Initializing Spring embedded WebApplicationContext
2019-04-09 11:20:05.434  INFO 10408 --- [restartedMain] o.s.web.context.ContextLoader            : Root WebApplicationContext: initialization completed in 2318 ms
2019-04-09 11:20:06.242  INFO 10408 --- [restartedMain] com.alibaba.druid.pool.DruidDataSource   : {dataSource-4} inited
2019-04-09 11:20:06.482  INFO 10408 --- [restartedMain] com.alibaba.druid.pool.DruidDataSource   : {dataSource-5} inited
2019-04-09 11:20:06.561  INFO 10408 --- [restartedMain] com.alibaba.druid.pool.DruidDataSource   : {dataSource-6} inited
2019-04-09 11:20:08.774  INFO 10408 --- [restartedMain] pertySourcedRequestMappingHandlerMapping : Mapped URL path [/v2/api-docs] onto method [public org.springframework.http.ResponseEntity<springfox.documentation.spring.web.json.Json> springfox.documentation.swagger2.web.Swagger2Controller.getDocumentation(java.lang.String,javax.servlet.http.HttpServletRequest)]
2019-04-09 11:20:09.197  INFO 10408 --- [restartedMain] o.s.s.concurrent.ThreadPoolTaskExecutor  : Initializing ExecutorService 'applicationTaskExecutor'
2019-04-09 11:20:09.307  INFO 10408 --- [restartedMain] o.s.b.d.a.OptionalLiveReloadServer       : LiveReload server is running on port 35729
2019-04-09 11:20:09.923  INFO 10408 --- [restartedMain] d.s.w.p.DocumentationPluginsBootstrapper : Context refreshed
2019-04-09 11:20:09.926  INFO 10408 --- [restartedMain] d.s.w.p.DocumentationPluginsBootstrapper : Found 1 custom documentation plugin(s)
2019-04-09 11:20:09.938  INFO 10408 --- [restartedMain] s.d.s.w.s.ApiListingReferenceScanner     : Scanning for api listing references
2019-04-09 11:20:09.989  INFO 10408 --- [restartedMain] .d.s.w.r.o.CachingOperationNameGenerator : Generating unique operation named: addUsingPOST_1
2019-04-09 11:20:09.991  INFO 10408 --- [restartedMain] .d.s.w.r.o.CachingOperationNameGenerator : Generating unique operation named: deleteUsingPOST_1
2019-04-09 11:20:09.995  INFO 10408 --- [restartedMain] .d.s.w.r.o.CachingOperationNameGenerator : Generating unique operation named: detailUsingPOST_1
2019-04-09 11:20:09.998  INFO 10408 --- [restartedMain] .d.s.w.r.o.CachingOperationNameGenerator : Generating unique operation named: listUsingPOST_1
2019-04-09 11:20:10.001  INFO 10408 --- [restartedMain] .d.s.w.r.o.CachingOperationNameGenerator : Generating unique operation named: updateUsingPOST_1
2019-04-09 11:20:10.012  INFO 10408 --- [restartedMain] .d.s.w.r.o.CachingOperationNameGenerator : Generating unique operation named: addUsingPOST_2
2019-04-09 11:20:10.016  INFO 10408 --- [restartedMain] .d.s.w.r.o.CachingOperationNameGenerator : Generating unique operation named: deleteUsingPOST_2
2019-04-09 11:20:10.021  INFO 10408 --- [restartedMain] .d.s.w.r.o.CachingOperationNameGenerator : Generating unique operation named: detailUsingPOST_2
2019-04-09 11:20:10.023  INFO 10408 --- [restartedMain] .d.s.w.r.o.CachingOperationNameGenerator : Generating unique operation named: listUsingPOST_2
2019-04-09 11:20:10.027  INFO 10408 --- [restartedMain] .d.s.w.r.o.CachingOperationNameGenerator : Generating unique operation named: updateUsingPOST_2
2019-04-09 11:20:10.043  INFO 10408 --- [restartedMain] o.s.b.w.embedded.tomcat.TomcatWebServer  : Tomcat started on port(s): 8080 (http) with context path ''
2019-04-09 11:20:10.047  INFO 10408 --- [restartedMain] cn.bywin.by.Application                  : Started Application in 7.205 seconds (JVM running for 51.583)
2019-04-09 11:20:10.053  INFO 10408 --- [restartedMain] .ConditionEvaluationDeltaLoggingListener : Condition evaluation unchanged
2019-04-09 11:20:40.267  INFO 10408 --- [http-nio-8080-exec-2] o.a.c.c.C.[Tomcat].[localhost].[/]       : Initializing Spring DispatcherServlet 'dispatcherServlet'
2019-04-09 11:20:40.268  INFO 10408 --- [http-nio-8080-exec-2] o.s.web.servlet.DispatcherServlet        : Initializing Servlet 'dispatcherServlet'
2019-04-09 11:20:40.285  INFO 10408 --- [http-nio-8080-exec-2] o.s.web.servlet.DispatcherServlet        : Completed initialization in 17 ms
2019-04-09 11:20:40.544  WARN 10408 --- [http-nio-8080-exec-2] .m.m.a.ExceptionHandlerExceptionResolver : Resolved [org.apache.ibatis.builder.IncompleteElementException: Could not find SQL statement to include with refid 'cn.bywin.by.dao.HistoryInfoMapper.Base_Column_List']
2019-04-09 11:22:12.570  INFO 10408 --- [Thread-39] o.s.s.concurrent.ThreadPoolTaskExecutor  : Shutting down ExecutorService 'applicationTaskExecutor'
2019-04-09 11:22:12.575  INFO 10408 --- [Thread-39] com.alibaba.druid.pool.DruidDataSource   : {dataSource-6} closed
2019-04-09 11:22:12.575  INFO 10408 --- [Thread-39] com.alibaba.druid.pool.DruidDataSource   : {dataSource-5} closed
2019-04-09 11:22:12.575  INFO 10408 --- [Thread-39] com.alibaba.druid.pool.DruidDataSource   : {dataSource-4} closed
2019-04-09 11:22:13.825  INFO 10408 --- [restartedMain] cn.bywin.by.Application                  : Starting Application on DESKTOP-DSUOJGP with PID 10408 (E:\byCode\health-emr\out\production\classes started by Think in E:\byCode\health-emr)
2019-04-09 11:22:13.826 DEBUG 10408 --- [restartedMain] cn.bywin.by.Application                  : Running with Spring Boot v2.1.1.RELEASE, Spring v5.1.3.RELEASE
2019-04-09 11:22:13.826  INFO 10408 --- [restartedMain] cn.bywin.by.Application                  : The following profiles are active: dev
2019-04-09 11:22:17.110  INFO 10408 --- [restartedMain] .s.d.r.c.RepositoryConfigurationDelegate : Multiple Spring Data modules found, entering strict repository configuration mode!
2019-04-09 11:22:17.110  INFO 10408 --- [restartedMain] .s.d.r.c.RepositoryConfigurationDelegate : Bootstrapping Spring Data repositories in DEFAULT mode.
2019-04-09 11:22:17.130  INFO 10408 --- [restartedMain] .s.d.r.c.RepositoryConfigurationDelegate : Finished Spring Data repository scanning in 20ms. Found 0 repository interfaces.
2019-04-09 11:22:17.302  INFO 10408 --- [restartedMain] trationDelegate$BeanPostProcessorChecker : Bean 'org.springframework.transaction.annotation.ProxyTransactionManagementConfiguration' of type [org.springframework.transaction.annotation.ProxyTransactionManagementConfiguration$$EnhancerBySpringCGLIB$$96c2a418] is not eligible for getting processed by all BeanPostProcessors (for example: not eligible for auto-proxying)
2019-04-09 11:22:17.951  INFO 10408 --- [restartedMain] o.s.b.w.embedded.tomcat.TomcatWebServer  : Tomcat initialized with port(s): 8080 (http)
2019-04-09 11:22:17.960  INFO 10408 --- [restartedMain] o.apache.catalina.core.StandardService   : Starting service [Tomcat]
2019-04-09 11:22:17.960  INFO 10408 --- [restartedMain] org.apache.catalina.core.StandardEngine  : Starting Servlet Engine: Apache Tomcat/9.0.13
2019-04-09 11:22:18.100  INFO 10408 --- [restartedMain] o.a.c.c.C.[Tomcat].[localhost].[/]       : Initializing Spring embedded WebApplicationContext
2019-04-09 11:22:18.101  INFO 10408 --- [restartedMain] o.s.web.context.ContextLoader            : Root WebApplicationContext: initialization completed in 4258 ms
2019-04-09 11:22:18.534  INFO 10408 --- [restartedMain] com.alibaba.druid.pool.DruidDataSource   : {dataSource-7} inited
2019-04-09 11:22:18.669  INFO 10408 --- [restartedMain] com.alibaba.druid.pool.DruidDataSource   : {dataSource-8} inited
2019-04-09 11:22:18.709  INFO 10408 --- [restartedMain] com.alibaba.druid.pool.DruidDataSource   : {dataSource-9} inited
2019-04-09 11:22:21.625  INFO 10408 --- [restartedMain] pertySourcedRequestMappingHandlerMapping : Mapped URL path [/v2/api-docs] onto method [public org.springframework.http.ResponseEntity<springfox.documentation.spring.web.json.Json> springfox.documentation.swagger2.web.Swagger2Controller.getDocumentation(java.lang.String,javax.servlet.http.HttpServletRequest)]
2019-04-09 11:22:21.908  INFO 10408 --- [restartedMain] o.s.s.concurrent.ThreadPoolTaskExecutor  : Initializing ExecutorService 'applicationTaskExecutor'
2019-04-09 11:22:22.024  INFO 10408 --- [restartedMain] o.s.b.d.a.OptionalLiveReloadServer       : LiveReload server is running on port 35729
2019-04-09 11:22:22.946  INFO 10408 --- [restartedMain] d.s.w.p.DocumentationPluginsBootstrapper : Context refreshed
2019-04-09 11:22:22.947  INFO 10408 --- [restartedMain] d.s.w.p.DocumentationPluginsBootstrapper : Found 1 custom documentation plugin(s)
2019-04-09 11:22:22.964  INFO 10408 --- [restartedMain] s.d.s.w.s.ApiListingReferenceScanner     : Scanning for api listing references
2019-04-09 11:22:23.031  INFO 10408 --- [restartedMain] .d.s.w.r.o.CachingOperationNameGenerator : Generating unique operation named: addUsingPOST_1
2019-04-09 11:22:23.036  INFO 10408 --- [restartedMain] .d.s.w.r.o.CachingOperationNameGenerator : Generating unique operation named: deleteUsingPOST_1
2019-04-09 11:22:23.039  INFO 10408 --- [restartedMain] .d.s.w.r.o.CachingOperationNameGenerator : Generating unique operation named: detailUsingPOST_1
2019-04-09 11:22:23.043  INFO 10408 --- [restartedMain] .d.s.w.r.o.CachingOperationNameGenerator : Generating unique operation named: listUsingPOST_1
2019-04-09 11:22:23.046  INFO 10408 --- [restartedMain] .d.s.w.r.o.CachingOperationNameGenerator : Generating unique operation named: updateUsingPOST_1
2019-04-09 11:22:23.056  INFO 10408 --- [restartedMain] .d.s.w.r.o.CachingOperationNameGenerator : Generating unique operation named: addUsingPOST_2
2019-04-09 11:22:23.059  INFO 10408 --- [restartedMain] .d.s.w.r.o.CachingOperationNameGenerator : Generating unique operation named: deleteUsingPOST_2
2019-04-09 11:22:23.062  INFO 10408 --- [restartedMain] .d.s.w.r.o.CachingOperationNameGenerator : Generating unique operation named: detailUsingPOST_2
2019-04-09 11:22:23.066  INFO 10408 --- [restartedMain] .d.s.w.r.o.CachingOperationNameGenerator : Generating unique operation named: listUsingPOST_2
2019-04-09 11:22:23.070  INFO 10408 --- [restartedMain] .d.s.w.r.o.CachingOperationNameGenerator : Generating unique operation named: updateUsingPOST_2
2019-04-09 11:22:23.088  INFO 10408 --- [restartedMain] o.s.b.w.embedded.tomcat.TomcatWebServer  : Tomcat started on port(s): 8080 (http) with context path ''
2019-04-09 11:22:23.089  INFO 10408 --- [restartedMain] cn.bywin.by.Application                  : Started Application in 9.384 seconds (JVM running for 184.626)
2019-04-09 11:22:23.098  INFO 10408 --- [restartedMain] .ConditionEvaluationDeltaLoggingListener : Condition evaluation unchanged
2019-04-09 11:22:37.559  INFO 10408 --- [http-nio-8080-exec-2] o.a.c.c.C.[Tomcat].[localhost].[/]       : Initializing Spring DispatcherServlet 'dispatcherServlet'
2019-04-09 11:22:37.560  INFO 10408 --- [http-nio-8080-exec-2] o.s.web.servlet.DispatcherServlet        : Initializing Servlet 'dispatcherServlet'
2019-04-09 11:22:37.576  INFO 10408 --- [http-nio-8080-exec-2] o.s.web.servlet.DispatcherServlet        : Completed initialization in 16 ms
2019-04-09 11:22:37.599  WARN 10408 --- [http-nio-8080-exec-2] .m.m.a.ExceptionHandlerExceptionResolver : Resolved [org.apache.ibatis.builder.IncompleteElementException: Could not find SQL statement to include with refid 'cn.bywin.by.dao.RecordInfoMapper.Base_Column_List']
2019-04-09 11:23:09.638  INFO 16880 --- [main] cn.bywin.by.Application                  : Starting Application on DESKTOP-DSUOJGP with PID 16880 (E:\byCode\health-emr\out\production\classes started by Think in E:\byCode\health-emr)
2019-04-09 11:23:09.640 DEBUG 16880 --- [main] cn.bywin.by.Application                  : Running with Spring Boot v2.1.1.RELEASE, Spring v5.1.3.RELEASE
2019-04-09 11:23:09.644  INFO 16880 --- [main] cn.bywin.by.Application                  : The following profiles are active: dev
2019-04-09 11:23:09.818  INFO 16880 --- [main] .e.DevToolsPropertyDefaultsPostProcessor : Devtools property defaults active! Set 'spring.devtools.add-properties' to 'false' to disable
2019-04-09 11:23:09.819  INFO 16880 --- [main] .e.DevToolsPropertyDefaultsPostProcessor : For additional web related logging consider setting the 'logging.level.web' property to 'DEBUG'
2019-04-09 11:23:11.732  INFO 16880 --- [main] .s.d.r.c.RepositoryConfigurationDelegate : Multiple Spring Data modules found, entering strict repository configuration mode!
2019-04-09 11:23:11.736  INFO 16880 --- [main] .s.d.r.c.RepositoryConfigurationDelegate : Bootstrapping Spring Data repositories in DEFAULT mode.
2019-04-09 11:23:11.812  INFO 16880 --- [main] .s.d.r.c.RepositoryConfigurationDelegate : Finished Spring Data repository scanning in 47ms. Found 0 repository interfaces.
2019-04-09 11:23:12.992  INFO 16880 --- [main] trationDelegate$BeanPostProcessorChecker : Bean 'org.springframework.transaction.annotation.ProxyTransactionManagementConfiguration' of type [org.springframework.transaction.annotation.ProxyTransactionManagementConfiguration$$EnhancerBySpringCGLIB$$79b2fa0c] is not eligible for getting processed by all BeanPostProcessors (for example: not eligible for auto-proxying)
2019-04-09 11:23:14.355  INFO 16880 --- [main] o.s.b.w.embedded.tomcat.TomcatWebServer  : Tomcat initialized with port(s): 8080 (http)
2019-04-09 11:23:14.406  INFO 16880 --- [main] o.apache.catalina.core.StandardService   : Starting service [Tomcat]
2019-04-09 11:23:14.407  INFO 16880 --- [main] org.apache.catalina.core.StandardEngine  : Starting Servlet Engine: Apache Tomcat/9.0.13
2019-04-09 11:23:14.420  INFO 16880 --- [main] o.a.catalina.core.AprLifecycleListener   : The APR based Apache Tomcat Native library which allows optimal performance in production environments was not found on the java.library.path: [D:\tool\JDK-8\bin;C:\Windows\Sun\Java\bin;C:\Windows\system32;C:\Windows;C:\Windows\system32;C:\Windows;C:\Windows\System32\Wbem;C:\Windows\System32\WindowsPowerShell\v1.0\;C:\Windows\System32\OpenSSH\;D:\tool\git\Git\cmd;C:\Program Files\MySQL\MySQL Server 8.0\bin;D:\tool\plsql\PLSQL Developer\instantclient_12_1\network\admin;C:\Program Files (x86)\Common Files\Oracle\Java\javapath;C:\Users\Think\AppData\Local\Microsoft\WindowsApps;;.]
2019-04-09 11:23:14.648  INFO 16880 --- [main] o.a.c.c.C.[Tomcat].[localhost].[/]       : Initializing Spring embedded WebApplicationContext
2019-04-09 11:23:14.649  INFO 16880 --- [main] o.s.web.context.ContextLoader            : Root WebApplicationContext: initialization completed in 4830 ms
2019-04-09 11:23:15.403  INFO 16880 --- [main] com.alibaba.druid.pool.DruidDataSource   : {dataSource-1} inited
2019-04-09 11:23:15.468  INFO 16880 --- [main] com.alibaba.druid.pool.DruidDataSource   : {dataSource-2} inited
2019-04-09 11:23:15.492  INFO 16880 --- [main] com.alibaba.druid.pool.DruidDataSource   : {dataSource-3} inited
2019-04-09 11:23:17.752  INFO 16880 --- [main] pertySourcedRequestMappingHandlerMapping : Mapped URL path [/v2/api-docs] onto method [public org.springframework.http.ResponseEntity<springfox.documentation.spring.web.json.Json> springfox.documentation.swagger2.web.Swagger2Controller.getDocumentation(java.lang.String,javax.servlet.http.HttpServletRequest)]
2019-04-09 11:23:18.179  INFO 16880 --- [main] o.s.s.concurrent.ThreadPoolTaskExecutor  : Initializing ExecutorService 'applicationTaskExecutor'
2019-04-09 11:23:18.293  INFO 16880 --- [main] o.s.b.d.a.OptionalLiveReloadServer       : LiveReload server is running on port 35729
2019-04-09 11:23:19.623  INFO 16880 --- [main] d.s.w.p.DocumentationPluginsBootstrapper : Context refreshed
2019-04-09 11:23:19.662  INFO 16880 --- [main] d.s.w.p.DocumentationPluginsBootstrapper : Found 1 custom documentation plugin(s)
2019-04-09 11:23:19.734  INFO 16880 --- [main] s.d.s.w.s.ApiListingReferenceScanner     : Scanning for api listing references
2019-04-09 11:23:20.097  INFO 16880 --- [main] .d.s.w.r.o.CachingOperationNameGenerator : Generating unique operation named: addUsingPOST_1
2019-04-09 11:23:20.101  INFO 16880 --- [main] .d.s.w.r.o.CachingOperationNameGenerator : Generating unique operation named: deleteUsingPOST_1
2019-04-09 11:23:20.104  INFO 16880 --- [main] .d.s.w.r.o.CachingOperationNameGenerator : Generating unique operation named: detailUsingPOST_1
2019-04-09 11:23:20.106  INFO 16880 --- [main] .d.s.w.r.o.CachingOperationNameGenerator : Generating unique operation named: listUsingPOST_1
2019-04-09 11:23:20.110  INFO 16880 --- [main] .d.s.w.r.o.CachingOperationNameGenerator : Generating unique operation named: updateUsingPOST_1
2019-04-09 11:23:20.120  INFO 16880 --- [main] .d.s.w.r.o.CachingOperationNameGenerator : Generating unique operation named: addUsingPOST_2
2019-04-09 11:23:20.123  INFO 16880 --- [main] .d.s.w.r.o.CachingOperationNameGenerator : Generating unique operation named: deleteUsingPOST_2
2019-04-09 11:23:20.126  INFO 16880 --- [main] .d.s.w.r.o.CachingOperationNameGenerator : Generating unique operation named: detailUsingPOST_2
2019-04-09 11:23:20.130  INFO 16880 --- [main] .d.s.w.r.o.CachingOperationNameGenerator : Generating unique operation named: listUsingPOST_2
2019-04-09 11:23:20.133  INFO 16880 --- [main] .d.s.w.r.o.CachingOperationNameGenerator : Generating unique operation named: updateUsingPOST_2
2019-04-09 11:23:20.226  INFO 16880 --- [main] o.s.b.w.embedded.tomcat.TomcatWebServer  : Tomcat started on port(s): 8080 (http) with context path ''
2019-04-09 11:23:20.233  INFO 16880 --- [main] cn.bywin.by.Application                  : Started Application in 12.323 seconds (JVM running for 20.719)
2019-04-09 11:23:25.668  INFO 16880 --- [http-nio-8080-exec-2] o.a.c.c.C.[Tomcat].[localhost].[/]       : Initializing Spring DispatcherServlet 'dispatcherServlet'
2019-04-09 11:23:25.669  INFO 16880 --- [http-nio-8080-exec-2] o.s.web.servlet.DispatcherServlet        : Initializing Servlet 'dispatcherServlet'
2019-04-09 11:23:25.686  INFO 16880 --- [http-nio-8080-exec-2] o.s.web.servlet.DispatcherServlet        : Completed initialization in 17 ms
2019-04-09 11:25:46.513  INFO 3232 --- [main] cn.bywin.by.Application                  : Starting Application on DESKTOP-DSUOJGP with PID 3232 (E:\byCode\health-emr\out\production\classes started by Think in E:\byCode\health-emr)
2019-04-09 11:25:46.516 DEBUG 3232 --- [main] cn.bywin.by.Application                  : Running with Spring Boot v2.1.1.RELEASE, Spring v5.1.3.RELEASE
2019-04-09 11:25:46.520  INFO 3232 --- [main] cn.bywin.by.Application                  : The following profiles are active: dev
2019-04-09 11:25:46.753  INFO 3232 --- [main] .e.DevToolsPropertyDefaultsPostProcessor : Devtools property defaults active! Set 'spring.devtools.add-properties' to 'false' to disable
2019-04-09 11:25:46.754  INFO 3232 --- [main] .e.DevToolsPropertyDefaultsPostProcessor : For additional web related logging consider setting the 'logging.level.web' property to 'DEBUG'
2019-04-09 11:25:48.968  INFO 3232 --- [main] .s.d.r.c.RepositoryConfigurationDelegate : Multiple Spring Data modules found, entering strict repository configuration mode!
2019-04-09 11:25:48.974  INFO 3232 --- [main] .s.d.r.c.RepositoryConfigurationDelegate : Bootstrapping Spring Data repositories in DEFAULT mode.
2019-04-09 11:25:49.052  INFO 3232 --- [main] .s.d.r.c.RepositoryConfigurationDelegate : Finished Spring Data repository scanning in 48ms. Found 0 repository interfaces.
2019-04-09 11:25:49.975  INFO 3232 --- [main] trationDelegate$BeanPostProcessorChecker : Bean 'org.springframework.transaction.annotation.ProxyTransactionManagementConfiguration' of type [org.springframework.transaction.annotation.ProxyTransactionManagementConfiguration$$EnhancerBySpringCGLIB$$c4ea292f] is not eligible for getting processed by all BeanPostProcessors (for example: not eligible for auto-proxying)
2019-04-09 11:25:51.250  INFO 3232 --- [main] o.s.b.w.embedded.tomcat.TomcatWebServer  : Tomcat initialized with port(s): 8080 (http)
2019-04-09 11:25:51.294  INFO 3232 --- [main] o.apache.catalina.core.StandardService   : Starting service [Tomcat]
2019-04-09 11:25:51.295  INFO 3232 --- [main] org.apache.catalina.core.StandardEngine  : Starting Servlet Engine: Apache Tomcat/9.0.13
2019-04-09 11:25:51.307  INFO 3232 --- [main] o.a.catalina.core.AprLifecycleListener   : The APR based Apache Tomcat Native library which allows optimal performance in production environments was not found on the java.library.path: [D:\tool\JDK-8\bin;C:\Windows\Sun\Java\bin;C:\Windows\system32;C:\Windows;C:\Windows\system32;C:\Windows;C:\Windows\System32\Wbem;C:\Windows\System32\WindowsPowerShell\v1.0\;C:\Windows\System32\OpenSSH\;D:\tool\git\Git\cmd;C:\Program Files\MySQL\MySQL Server 8.0\bin;D:\tool\plsql\PLSQL Developer\instantclient_12_1\network\admin;C:\Program Files (x86)\Common Files\Oracle\Java\javapath;C:\Users\Think\AppData\Local\Microsoft\WindowsApps;;.]
2019-04-09 11:25:51.536  INFO 3232 --- [main] o.a.c.c.C.[Tomcat].[localhost].[/]       : Initializing Spring embedded WebApplicationContext
2019-04-09 11:25:51.536  INFO 3232 --- [main] o.s.web.context.ContextLoader            : Root WebApplicationContext: initialization completed in 4782 ms
2019-04-09 11:25:52.295  INFO 3232 --- [main] com.alibaba.druid.pool.DruidDataSource   : {dataSource-1} inited
2019-04-09 11:25:52.381  INFO 3232 --- [main] com.alibaba.druid.pool.DruidDataSource   : {dataSource-2} inited
2019-04-09 11:25:52.409  INFO 3232 --- [main] com.alibaba.druid.pool.DruidDataSource   : {dataSource-3} inited
2019-04-09 11:25:54.964  INFO 3232 --- [main] pertySourcedRequestMappingHandlerMapping : Mapped URL path [/v2/api-docs] onto method [public org.springframework.http.ResponseEntity<springfox.documentation.spring.web.json.Json> springfox.documentation.swagger2.web.Swagger2Controller.getDocumentation(java.lang.String,javax.servlet.http.HttpServletRequest)]
2019-04-09 11:25:55.377  INFO 3232 --- [main] o.s.s.concurrent.ThreadPoolTaskExecutor  : Initializing ExecutorService 'applicationTaskExecutor'
2019-04-09 11:25:55.485  INFO 3232 --- [main] o.s.b.d.a.OptionalLiveReloadServer       : LiveReload server is running on port 35729
2019-04-09 11:25:56.791  INFO 3232 --- [main] d.s.w.p.DocumentationPluginsBootstrapper : Context refreshed
2019-04-09 11:25:56.829  INFO 3232 --- [main] d.s.w.p.DocumentationPluginsBootstrapper : Found 1 custom documentation plugin(s)
2019-04-09 11:25:56.908  INFO 3232 --- [main] s.d.s.w.s.ApiListingReferenceScanner     : Scanning for api listing references
2019-04-09 11:25:57.367  INFO 3232 --- [main] .d.s.w.r.o.CachingOperationNameGenerator : Generating unique operation named: addUsingPOST_1
2019-04-09 11:25:57.371  INFO 3232 --- [main] .d.s.w.r.o.CachingOperationNameGenerator : Generating unique operation named: deleteUsingPOST_1
2019-04-09 11:25:57.374  INFO 3232 --- [main] .d.s.w.r.o.CachingOperationNameGenerator : Generating unique operation named: detailUsingPOST_1
2019-04-09 11:25:57.377  INFO 3232 --- [main] .d.s.w.r.o.CachingOperationNameGenerator : Generating unique operation named: listUsingPOST_1
2019-04-09 11:25:57.381  INFO 3232 --- [main] .d.s.w.r.o.CachingOperationNameGenerator : Generating unique operation named: updateUsingPOST_1
2019-04-09 11:25:57.390  INFO 3232 --- [main] .d.s.w.r.o.CachingOperationNameGenerator : Generating unique operation named: addUsingPOST_2
2019-04-09 11:25:57.393  INFO 3232 --- [main] .d.s.w.r.o.CachingOperationNameGenerator : Generating unique operation named: deleteUsingPOST_2
2019-04-09 11:25:57.397  INFO 3232 --- [main] .d.s.w.r.o.CachingOperationNameGenerator : Generating unique operation named: detailUsingPOST_2
2019-04-09 11:25:57.401  INFO 3232 --- [main] .d.s.w.r.o.CachingOperationNameGenerator : Generating unique operation named: listUsingPOST_2
2019-04-09 11:25:57.404  INFO 3232 --- [main] .d.s.w.r.o.CachingOperationNameGenerator : Generating unique operation named: updateUsingPOST_2
2019-04-09 11:25:57.515  INFO 3232 --- [main] o.s.b.w.embedded.tomcat.TomcatWebServer  : Tomcat started on port(s): 8080 (http) with context path ''
2019-04-09 11:25:57.523  INFO 3232 --- [main] cn.bywin.by.Application                  : Started Application in 12.974 seconds (JVM running for 21.93)
2019-04-09 11:30:40.674  INFO 3232 --- [http-nio-8080-exec-1] o.a.c.c.C.[Tomcat].[localhost].[/]       : Initializing Spring DispatcherServlet 'dispatcherServlet'
2019-04-09 11:30:40.675  INFO 3232 --- [http-nio-8080-exec-1] o.s.web.servlet.DispatcherServlet        : Initializing Servlet 'dispatcherServlet'
2019-04-09 11:30:40.697  INFO 3232 --- [http-nio-8080-exec-1] o.s.web.servlet.DispatcherServlet        : Completed initialization in 22 ms
2019-04-09 11:30:41.438 DEBUG 3232 --- [http-nio-8080-exec-1] c.b.b.dao.HistoryInfoMapper.selectCount  : ==>  Preparing: select count(*) from ehr_patient_historyinfo t 
2019-04-09 11:30:41.516 DEBUG 3232 --- [http-nio-8080-exec-1] c.b.b.dao.HistoryInfoMapper.selectCount  : ==> Parameters: 
2019-04-09 11:30:41.608 DEBUG 3232 --- [http-nio-8080-exec-1] c.b.b.dao.HistoryInfoMapper.selectCount  : <==      Total: 1
2019-04-09 11:30:41.617 DEBUG 3232 --- [http-nio-8080-exec-1] cn.bywin.common.utils.LoggerUtil         : cn.bywin.common.handler.MybatisInterceptor.intercept(48)#DAO方法：cn.bywin.by.dao.HistoryInfoMapper.selectCount
2019-04-09 11:30:41.617 DEBUG 3232 --- [http-nio-8080-exec-1] cn.bywin.common.utils.LoggerUtil         : cn.bywin.common.handler.MybatisInterceptor.intercept(48)#SQL语句：select count(*) from ehr_patient_historyinfo t
2019-04-09 11:30:41.618 DEBUG 3232 --- [http-nio-8080-exec-1] cn.bywin.common.utils.LoggerUtil         : cn.bywin.common.handler.MybatisInterceptor.intercept(48)#执行耗时：486毫秒
2019-04-09 11:30:41.704 DEBUG 3232 --- [http-nio-8080-exec-1] c.b.by.dao.HistoryInfoMapper.selectList  : ==>  Preparing: select t.* from ehr_patient_historyinfo t LIMIT ?,? 
2019-04-09 11:30:41.708 DEBUG 3232 --- [http-nio-8080-exec-1] c.b.by.dao.HistoryInfoMapper.selectList  : ==> Parameters: 0(Integer), 10(Integer)
2019-04-09 11:30:41.746 DEBUG 3232 --- [http-nio-8080-exec-1] c.b.by.dao.HistoryInfoMapper.selectList  : <==      Total: 0
2019-04-09 11:30:41.747 DEBUG 3232 --- [http-nio-8080-exec-1] cn.bywin.common.utils.LoggerUtil         : cn.bywin.common.handler.MybatisInterceptor.intercept(48)#DAO方法：cn.bywin.by.dao.HistoryInfoMapper.selectList
2019-04-09 11:30:41.748 DEBUG 3232 --- [http-nio-8080-exec-1] cn.bywin.common.utils.LoggerUtil         : cn.bywin.common.handler.MybatisInterceptor.intercept(48)#SQL语句：select t.* from ehr_patient_historyinfo t LIMIT '0','10'
2019-04-09 11:30:41.748 DEBUG 3232 --- [http-nio-8080-exec-1] cn.bywin.common.utils.LoggerUtil         : cn.bywin.common.handler.MybatisInterceptor.intercept(48)#执行耗时：54毫秒
2019-04-09 11:30:41.759 DEBUG 3232 --- [http-nio-8080-exec-1] c.b.b.dao.HistoryInfoMapper.selectCount  : ==>  Preparing: select count(*) from ehr_patient_historyinfo t 
2019-04-09 11:30:41.759 DEBUG 3232 --- [http-nio-8080-exec-1] c.b.b.dao.HistoryInfoMapper.selectCount  : ==> Parameters: 
2019-04-09 11:30:41.763 DEBUG 3232 --- [http-nio-8080-exec-1] c.b.b.dao.HistoryInfoMapper.selectCount  : <==      Total: 1
2019-04-09 11:30:41.767 DEBUG 3232 --- [http-nio-8080-exec-1] cn.bywin.common.utils.LoggerUtil         : cn.bywin.common.handler.MybatisInterceptor.intercept(48)#DAO方法：cn.bywin.by.dao.HistoryInfoMapper.selectCount
2019-04-09 11:30:41.767 DEBUG 3232 --- [http-nio-8080-exec-1] cn.bywin.common.utils.LoggerUtil         : cn.bywin.common.handler.MybatisInterceptor.intercept(48)#SQL语句：select count(*) from ehr_patient_historyinfo t
2019-04-09 11:30:41.768 DEBUG 3232 --- [http-nio-8080-exec-1] cn.bywin.common.utils.LoggerUtil         : cn.bywin.common.handler.MybatisInterceptor.intercept(48)#执行耗时：18毫秒
2019-04-09 11:30:41.769 DEBUG 3232 --- [http-nio-8080-exec-1] c.b.by.dao.HistoryInfoMapper.selectList  : ==>  Preparing: select t.* from ehr_patient_historyinfo t LIMIT ?,? 
2019-04-09 11:30:41.770 DEBUG 3232 --- [http-nio-8080-exec-1] c.b.by.dao.HistoryInfoMapper.selectList  : ==> Parameters: 0(Integer), 10(Integer)
2019-04-09 11:30:41.771 DEBUG 3232 --- [http-nio-8080-exec-1] c.b.by.dao.HistoryInfoMapper.selectList  : <==      Total: 0
2019-04-09 11:30:41.772 DEBUG 3232 --- [http-nio-8080-exec-1] cn.bywin.common.utils.LoggerUtil         : cn.bywin.common.handler.MybatisInterceptor.intercept(48)#DAO方法：cn.bywin.by.dao.HistoryInfoMapper.selectList
2019-04-09 11:30:41.773 DEBUG 3232 --- [http-nio-8080-exec-1] cn.bywin.common.utils.LoggerUtil         : cn.bywin.common.handler.MybatisInterceptor.intercept(48)#SQL语句：select t.* from ehr_patient_historyinfo t LIMIT '0','10'
2019-04-09 11:30:41.773 DEBUG 3232 --- [http-nio-8080-exec-1] cn.bywin.common.utils.LoggerUtil         : cn.bywin.common.handler.MybatisInterceptor.intercept(48)#执行耗时：3毫秒
2019-04-09 11:30:41.775  INFO 3232 --- [http-nio-8080-exec-1] cn.bywin.common.utils.LoggerUtil         : ACCESS_LOG#0:0:0:0:0:0:0:1#http://localhost:8080/historyinfo/list2#cn.bywin.by.controller.HistoryInfoController#list2#POST#[{"t":"1"}]#708
2019-04-09 11:56:22.898  INFO 3232 --- [File Watcher] .s.d.r.c.RepositoryConfigurationDelegate : Bootstrapping Spring Data repositories in DEFAULT mode.
2019-04-09 11:56:22.910  INFO 3232 --- [File Watcher] .s.d.r.c.RepositoryConfigurationDelegate : Finished Spring Data repository scanning in 11ms. Found 0 repository interfaces.
2019-04-09 11:56:22.922  WARN 3232 --- [File Watcher] ssPathScanningCandidateComponentProvider : No MyBatis mapper was found in '[cn.bywin.*.dao]' package. Please check your configuration.
2019-04-09 11:59:52.144  INFO 16300 --- [main] cn.bywin.by.Application                  : Starting Application on DESKTOP-DSUOJGP with PID 16300 (E:\byCode\health-emr\out\production\classes started by Think in E:\byCode\health-emr)
2019-04-09 11:59:52.147 DEBUG 16300 --- [main] cn.bywin.by.Application                  : Running with Spring Boot v2.1.1.RELEASE, Spring v5.1.3.RELEASE
2019-04-09 11:59:52.151  INFO 16300 --- [main] cn.bywin.by.Application                  : The following profiles are active: dev
2019-04-09 11:59:52.384  INFO 16300 --- [main] .e.DevToolsPropertyDefaultsPostProcessor : Devtools property defaults active! Set 'spring.devtools.add-properties' to 'false' to disable
2019-04-09 11:59:52.384  INFO 16300 --- [main] .e.DevToolsPropertyDefaultsPostProcessor : For additional web related logging consider setting the 'logging.level.web' property to 'DEBUG'
2019-04-09 11:59:54.584  INFO 16300 --- [main] .s.d.r.c.RepositoryConfigurationDelegate : Multiple Spring Data modules found, entering strict repository configuration mode!
2019-04-09 11:59:54.589  INFO 16300 --- [main] .s.d.r.c.RepositoryConfigurationDelegate : Bootstrapping Spring Data repositories in DEFAULT mode.
2019-04-09 11:59:54.662  INFO 16300 --- [main] .s.d.r.c.RepositoryConfigurationDelegate : Finished Spring Data repository scanning in 45ms. Found 0 repository interfaces.
2019-04-09 11:59:55.590  INFO 16300 --- [main] trationDelegate$BeanPostProcessorChecker : Bean 'org.springframework.transaction.annotation.ProxyTransactionManagementConfiguration' of type [org.springframework.transaction.annotation.ProxyTransactionManagementConfiguration$$EnhancerBySpringCGLIB$$d50aa080] is not eligible for getting processed by all BeanPostProcessors (for example: not eligible for auto-proxying)
2019-04-09 11:59:56.870  INFO 16300 --- [main] o.s.b.w.embedded.tomcat.TomcatWebServer  : Tomcat initialized with port(s): 8080 (http)
2019-04-09 11:59:56.934  INFO 16300 --- [main] o.apache.catalina.core.StandardService   : Starting service [Tomcat]
2019-04-09 11:59:56.935  INFO 16300 --- [main] org.apache.catalina.core.StandardEngine  : Starting Servlet Engine: Apache Tomcat/9.0.13
2019-04-09 11:59:56.953  INFO 16300 --- [main] o.a.catalina.core.AprLifecycleListener   : The APR based Apache Tomcat Native library which allows optimal performance in production environments was not found on the java.library.path: [D:\tool\JDK-8\bin;C:\Windows\Sun\Java\bin;C:\Windows\system32;C:\Windows;C:\Windows\system32;C:\Windows;C:\Windows\System32\Wbem;C:\Windows\System32\WindowsPowerShell\v1.0\;C:\Windows\System32\OpenSSH\;D:\tool\git\Git\cmd;C:\Program Files\MySQL\MySQL Server 8.0\bin;D:\tool\plsql\PLSQL Developer\instantclient_12_1\network\admin;C:\Program Files (x86)\Common Files\Oracle\Java\javapath;C:\Users\Think\AppData\Local\Microsoft\WindowsApps;;.]
2019-04-09 11:59:57.165  INFO 16300 --- [main] o.a.c.c.C.[Tomcat].[localhost].[/]       : Initializing Spring embedded WebApplicationContext
2019-04-09 11:59:57.165  INFO 16300 --- [main] o.s.web.context.ContextLoader            : Root WebApplicationContext: initialization completed in 4780 ms
2019-04-09 11:59:57.808  INFO 16300 --- [main] com.alibaba.druid.pool.DruidDataSource   : {dataSource-1} inited
2019-04-09 11:59:57.868  INFO 16300 --- [main] com.alibaba.druid.pool.DruidDataSource   : {dataSource-2} inited
2019-04-09 11:59:57.890  INFO 16300 --- [main] com.alibaba.druid.pool.DruidDataSource   : {dataSource-3} inited
2019-04-09 12:00:00.234  INFO 16300 --- [main] pertySourcedRequestMappingHandlerMapping : Mapped URL path [/v2/api-docs] onto method [public org.springframework.http.ResponseEntity<springfox.documentation.spring.web.json.Json> springfox.documentation.swagger2.web.Swagger2Controller.getDocumentation(java.lang.String,javax.servlet.http.HttpServletRequest)]
2019-04-09 12:00:00.651  INFO 16300 --- [main] o.s.s.concurrent.ThreadPoolTaskExecutor  : Initializing ExecutorService 'applicationTaskExecutor'
2019-04-09 12:00:00.779  INFO 16300 --- [main] o.s.b.d.a.OptionalLiveReloadServer       : LiveReload server is running on port 35729
2019-04-09 12:00:02.135  INFO 16300 --- [main] d.s.w.p.DocumentationPluginsBootstrapper : Context refreshed
2019-04-09 12:00:02.174  INFO 16300 --- [main] d.s.w.p.DocumentationPluginsBootstrapper : Found 1 custom documentation plugin(s)
2019-04-09 12:00:02.247  INFO 16300 --- [main] s.d.s.w.s.ApiListingReferenceScanner     : Scanning for api listing references
2019-04-09 12:00:02.577  INFO 16300 --- [main] .d.s.w.r.o.CachingOperationNameGenerator : Generating unique operation named: addUsingPOST_1
2019-04-09 12:00:02.580  INFO 16300 --- [main] .d.s.w.r.o.CachingOperationNameGenerator : Generating unique operation named: deleteUsingPOST_1
2019-04-09 12:00:02.584  INFO 16300 --- [main] .d.s.w.r.o.CachingOperationNameGenerator : Generating unique operation named: detailUsingPOST_1
2019-04-09 12:00:02.587  INFO 16300 --- [main] .d.s.w.r.o.CachingOperationNameGenerator : Generating unique operation named: listUsingPOST_1
2019-04-09 12:00:02.591  INFO 16300 --- [main] .d.s.w.r.o.CachingOperationNameGenerator : Generating unique operation named: updateUsingPOST_1
2019-04-09 12:00:02.607  INFO 16300 --- [main] .d.s.w.r.o.CachingOperationNameGenerator : Generating unique operation named: addUsingPOST_2
2019-04-09 12:00:02.609  INFO 16300 --- [main] .d.s.w.r.o.CachingOperationNameGenerator : Generating unique operation named: deleteUsingPOST_2
2019-04-09 12:00:02.612  INFO 16300 --- [main] .d.s.w.r.o.CachingOperationNameGenerator : Generating unique operation named: detailUsingPOST_2
2019-04-09 12:00:02.616  INFO 16300 --- [main] .d.s.w.r.o.CachingOperationNameGenerator : Generating unique operation named: listUsingPOST_2
2019-04-09 12:00:02.619  INFO 16300 --- [main] .d.s.w.r.o.CachingOperationNameGenerator : Generating unique operation named: updateUsingPOST_2
2019-04-09 12:00:02.723  INFO 16300 --- [main] o.s.b.w.embedded.tomcat.TomcatWebServer  : Tomcat started on port(s): 8080 (http) with context path ''
2019-04-09 12:00:02.732  INFO 16300 --- [main] cn.bywin.by.Application                  : Started Application in 12.417 seconds (JVM running for 22.364)
2019-04-09 12:00:55.374  INFO 16300 --- [http-nio-8080-exec-2] o.a.c.c.C.[Tomcat].[localhost].[/]       : Initializing Spring DispatcherServlet 'dispatcherServlet'
2019-04-09 12:00:55.374  INFO 16300 --- [http-nio-8080-exec-2] o.s.web.servlet.DispatcherServlet        : Initializing Servlet 'dispatcherServlet'
2019-04-09 12:00:55.391  INFO 16300 --- [http-nio-8080-exec-2] o.s.web.servlet.DispatcherServlet        : Completed initialization in 17 ms
2019-04-09 12:00:55.906 DEBUG 16300 --- [http-nio-8080-exec-2] c.b.b.dao.HistoryInfoMapper.selectCount  : ==>  Preparing: select count(*) from ehr_patient_historyinfo t 
2019-04-09 12:00:55.966 DEBUG 16300 --- [http-nio-8080-exec-2] c.b.b.dao.HistoryInfoMapper.selectCount  : ==> Parameters: 
2019-04-09 12:00:56.225  WARN 16300 --- [http-nio-8080-exec-2] .m.m.a.ExceptionHandlerExceptionResolver : Resolved [org.springframework.jdbc.UncategorizedSQLException: 
### Error querying database.  Cause: java.sql.SQLException: No database selected
### The error may exist in file [E:\byCode\health-emr\health-emr-dao\out\production\resources\mapper\health-emr\base\HistoryInfoMapper.xml]
### The error may involve cn.bywin.by.dao.HistoryInfoMapper.selectCount-Inline
### The error occurred while setting parameters
### SQL: select count(*) from ehr_patient_historyinfo t
### Cause: java.sql.SQLException: No database selected
; uncategorized SQLException; SQL state [3D000]; error code [1046]; No database selected; nested exception is java.sql.SQLException: No database selected]
2019-04-09 12:11:16.256  INFO 12688 --- [main] cn.bywin.by.Application                  : Starting Application on DESKTOP-DSUOJGP with PID 12688 (E:\byCode\health-emr\out\production\classes started by Think in E:\byCode\health-emr)
2019-04-09 12:11:16.259 DEBUG 12688 --- [main] cn.bywin.by.Application                  : Running with Spring Boot v2.1.1.RELEASE, Spring v5.1.3.RELEASE
2019-04-09 12:11:16.263  INFO 12688 --- [main] cn.bywin.by.Application                  : The following profiles are active: dev
2019-04-09 12:11:16.448  INFO 12688 --- [main] .e.DevToolsPropertyDefaultsPostProcessor : Devtools property defaults active! Set 'spring.devtools.add-properties' to 'false' to disable
2019-04-09 12:11:16.448  INFO 12688 --- [main] .e.DevToolsPropertyDefaultsPostProcessor : For additional web related logging consider setting the 'logging.level.web' property to 'DEBUG'
2019-04-09 12:11:18.382  INFO 12688 --- [main] .s.d.r.c.RepositoryConfigurationDelegate : Multiple Spring Data modules found, entering strict repository configuration mode!
2019-04-09 12:11:18.387  INFO 12688 --- [main] .s.d.r.c.RepositoryConfigurationDelegate : Bootstrapping Spring Data repositories in DEFAULT mode.
2019-04-09 12:11:18.460  INFO 12688 --- [main] .s.d.r.c.RepositoryConfigurationDelegate : Finished Spring Data repository scanning in 45ms. Found 0 repository interfaces.
2019-04-09 12:11:19.418  INFO 12688 --- [main] trationDelegate$BeanPostProcessorChecker : Bean 'org.springframework.transaction.annotation.ProxyTransactionManagementConfiguration' of type [org.springframework.transaction.annotation.ProxyTransactionManagementConfiguration$$EnhancerBySpringCGLIB$$efe9a4ef] is not eligible for getting processed by all BeanPostProcessors (for example: not eligible for auto-proxying)
2019-04-09 12:11:20.703  INFO 12688 --- [main] o.s.b.w.embedded.tomcat.TomcatWebServer  : Tomcat initialized with port(s): 8080 (http)
2019-04-09 12:11:20.746  INFO 12688 --- [main] o.apache.catalina.core.StandardService   : Starting service [Tomcat]
2019-04-09 12:11:20.747  INFO 12688 --- [main] org.apache.catalina.core.StandardEngine  : Starting Servlet Engine: Apache Tomcat/9.0.13
2019-04-09 12:11:20.760  INFO 12688 --- [main] o.a.catalina.core.AprLifecycleListener   : The APR based Apache Tomcat Native library which allows optimal performance in production environments was not found on the java.library.path: [D:\tool\JDK-8\bin;C:\Windows\Sun\Java\bin;C:\Windows\system32;C:\Windows;C:\Windows\system32;C:\Windows;C:\Windows\System32\Wbem;C:\Windows\System32\WindowsPowerShell\v1.0\;C:\Windows\System32\OpenSSH\;D:\tool\git\Git\cmd;C:\Program Files\MySQL\MySQL Server 8.0\bin;D:\tool\plsql\PLSQL Developer\instantclient_12_1\network\admin;C:\Program Files (x86)\Common Files\Oracle\Java\javapath;C:\Users\Think\AppData\Local\Microsoft\WindowsApps;;.]
2019-04-09 12:11:20.986  INFO 12688 --- [main] o.a.c.c.C.[Tomcat].[localhost].[/]       : Initializing Spring embedded WebApplicationContext
2019-04-09 12:11:20.986  INFO 12688 --- [main] o.s.web.context.ContextLoader            : Root WebApplicationContext: initialization completed in 4538 ms
2019-04-09 12:11:21.697  INFO 12688 --- [main] com.alibaba.druid.pool.DruidDataSource   : {dataSource-1} inited
2019-04-09 12:11:21.771  INFO 12688 --- [main] com.alibaba.druid.pool.DruidDataSource   : {dataSource-2} inited
2019-04-09 12:11:21.801  INFO 12688 --- [main] com.alibaba.druid.pool.DruidDataSource   : {dataSource-3} inited
2019-04-09 12:11:24.406  INFO 12688 --- [main] pertySourcedRequestMappingHandlerMapping : Mapped URL path [/v2/api-docs] onto method [public org.springframework.http.ResponseEntity<springfox.documentation.spring.web.json.Json> springfox.documentation.swagger2.web.Swagger2Controller.getDocumentation(java.lang.String,javax.servlet.http.HttpServletRequest)]
2019-04-09 12:11:24.798  INFO 12688 --- [main] o.s.s.concurrent.ThreadPoolTaskExecutor  : Initializing ExecutorService 'applicationTaskExecutor'
2019-04-09 12:11:24.921  INFO 12688 --- [main] o.s.b.d.a.OptionalLiveReloadServer       : LiveReload server is running on port 35729
2019-04-09 12:11:26.249  INFO 12688 --- [main] d.s.w.p.DocumentationPluginsBootstrapper : Context refreshed
2019-04-09 12:11:26.337  INFO 12688 --- [main] d.s.w.p.DocumentationPluginsBootstrapper : Found 1 custom documentation plugin(s)
2019-04-09 12:11:26.432  INFO 12688 --- [main] s.d.s.w.s.ApiListingReferenceScanner     : Scanning for api listing references
2019-04-09 12:11:26.748  INFO 12688 --- [main] .d.s.w.r.o.CachingOperationNameGenerator : Generating unique operation named: addUsingPOST_1
2019-04-09 12:11:26.751  INFO 12688 --- [main] .d.s.w.r.o.CachingOperationNameGenerator : Generating unique operation named: deleteUsingPOST_1
2019-04-09 12:11:26.753  INFO 12688 --- [main] .d.s.w.r.o.CachingOperationNameGenerator : Generating unique operation named: detailUsingPOST_1
2019-04-09 12:11:26.757  INFO 12688 --- [main] .d.s.w.r.o.CachingOperationNameGenerator : Generating unique operation named: listUsingPOST_1
2019-04-09 12:11:26.760  INFO 12688 --- [main] .d.s.w.r.o.CachingOperationNameGenerator : Generating unique operation named: updateUsingPOST_1
2019-04-09 12:11:26.766  INFO 12688 --- [main] .d.s.w.r.o.CachingOperationNameGenerator : Generating unique operation named: addUsingPOST_2
2019-04-09 12:11:26.769  INFO 12688 --- [main] .d.s.w.r.o.CachingOperationNameGenerator : Generating unique operation named: deleteUsingPOST_2
2019-04-09 12:11:26.773  INFO 12688 --- [main] .d.s.w.r.o.CachingOperationNameGenerator : Generating unique operation named: detailUsingPOST_2
2019-04-09 12:11:26.777  INFO 12688 --- [main] .d.s.w.r.o.CachingOperationNameGenerator : Generating unique operation named: listUsingPOST_2
2019-04-09 12:11:26.779  INFO 12688 --- [main] .d.s.w.r.o.CachingOperationNameGenerator : Generating unique operation named: updateUsingPOST_2
2019-04-09 12:11:26.871  INFO 12688 --- [main] o.s.b.w.embedded.tomcat.TomcatWebServer  : Tomcat started on port(s): 8080 (http) with context path ''
2019-04-09 12:11:26.880  INFO 12688 --- [main] cn.bywin.by.Application                  : Started Application in 13.193 seconds (JVM running for 37.661)
2019-04-09 12:11:33.945  INFO 12688 --- [http-nio-8080-exec-1] o.a.c.c.C.[Tomcat].[localhost].[/]       : Initializing Spring DispatcherServlet 'dispatcherServlet'
2019-04-09 12:11:33.945  INFO 12688 --- [http-nio-8080-exec-1] o.s.web.servlet.DispatcherServlet        : Initializing Servlet 'dispatcherServlet'
2019-04-09 12:11:33.979  INFO 12688 --- [http-nio-8080-exec-1] o.s.web.servlet.DispatcherServlet        : Completed initialization in 33 ms
2019-04-09 12:11:34.632 DEBUG 12688 --- [http-nio-8080-exec-1] c.b.b.dao.HistoryInfoMapper.selectCount  : ==>  Preparing: select count(*) from ehr_patient_historyinfo t 
2019-04-09 12:11:34.693 DEBUG 12688 --- [http-nio-8080-exec-1] c.b.b.dao.HistoryInfoMapper.selectCount  : ==> Parameters: 
2019-04-09 12:11:34.928  WARN 12688 --- [http-nio-8080-exec-1] .m.m.a.ExceptionHandlerExceptionResolver : Resolved [org.springframework.jdbc.UncategorizedSQLException: 
### Error querying database.  Cause: java.sql.SQLException: No database selected
### The error may exist in file [E:\byCode\health-emr\health-emr-dao\out\production\resources\mapper\health-emr\base\HistoryInfoMapper.xml]
### The error may involve cn.bywin.by.dao.HistoryInfoMapper.selectCount-Inline
### The error occurred while setting parameters
### SQL: select count(*) from ehr_patient_historyinfo t
### Cause: java.sql.SQLException: No database selected
; uncategorized SQLException; SQL state [3D000]; error code [1046]; No database selected; nested exception is java.sql.SQLException: No database selected]
2019-04-09 12:13:47.107  INFO 17760 --- [main] cn.bywin.by.Application                  : Starting Application on DESKTOP-DSUOJGP with PID 17760 (E:\byCode\health-emr\out\production\classes started by Think in E:\byCode\health-emr)
2019-04-09 12:13:47.110 DEBUG 17760 --- [main] cn.bywin.by.Application                  : Running with Spring Boot v2.1.1.RELEASE, Spring v5.1.3.RELEASE
2019-04-09 12:13:47.121  INFO 17760 --- [main] cn.bywin.by.Application                  : The following profiles are active: dev
2019-04-09 12:13:47.313  INFO 17760 --- [main] .e.DevToolsPropertyDefaultsPostProcessor : Devtools property defaults active! Set 'spring.devtools.add-properties' to 'false' to disable
2019-04-09 12:13:47.314  INFO 17760 --- [main] .e.DevToolsPropertyDefaultsPostProcessor : For additional web related logging consider setting the 'logging.level.web' property to 'DEBUG'
2019-04-09 12:13:49.129  INFO 17760 --- [main] .s.d.r.c.RepositoryConfigurationDelegate : Multiple Spring Data modules found, entering strict repository configuration mode!
2019-04-09 12:13:49.134  INFO 17760 --- [main] .s.d.r.c.RepositoryConfigurationDelegate : Bootstrapping Spring Data repositories in DEFAULT mode.
2019-04-09 12:13:49.208  INFO 17760 --- [main] .s.d.r.c.RepositoryConfigurationDelegate : Finished Spring Data repository scanning in 46ms. Found 0 repository interfaces.
2019-04-09 12:13:50.176  INFO 17760 --- [main] trationDelegate$BeanPostProcessorChecker : Bean 'org.springframework.transaction.annotation.ProxyTransactionManagementConfiguration' of type [org.springframework.transaction.annotation.ProxyTransactionManagementConfiguration$$EnhancerBySpringCGLIB$$e0fb2254] is not eligible for getting processed by all BeanPostProcessors (for example: not eligible for auto-proxying)
2019-04-09 12:13:51.480  INFO 17760 --- [main] o.s.b.w.embedded.tomcat.TomcatWebServer  : Tomcat initialized with port(s): 8080 (http)
2019-04-09 12:13:51.526  INFO 17760 --- [main] o.apache.catalina.core.StandardService   : Starting service [Tomcat]
2019-04-09 12:13:51.526  INFO 17760 --- [main] org.apache.catalina.core.StandardEngine  : Starting Servlet Engine: Apache Tomcat/9.0.13
2019-04-09 12:13:51.540  INFO 17760 --- [main] o.a.catalina.core.AprLifecycleListener   : The APR based Apache Tomcat Native library which allows optimal performance in production environments was not found on the java.library.path: [D:\tool\JDK-8\bin;C:\Windows\Sun\Java\bin;C:\Windows\system32;C:\Windows;C:\Windows\system32;C:\Windows;C:\Windows\System32\Wbem;C:\Windows\System32\WindowsPowerShell\v1.0\;C:\Windows\System32\OpenSSH\;D:\tool\git\Git\cmd;C:\Program Files\MySQL\MySQL Server 8.0\bin;D:\tool\plsql\PLSQL Developer\instantclient_12_1\network\admin;C:\Program Files (x86)\Common Files\Oracle\Java\javapath;C:\Users\Think\AppData\Local\Microsoft\WindowsApps;;.]
2019-04-09 12:13:51.747  INFO 17760 --- [main] o.a.c.c.C.[Tomcat].[localhost].[/]       : Initializing Spring embedded WebApplicationContext
2019-04-09 12:13:51.747  INFO 17760 --- [main] o.s.web.context.ContextLoader            : Root WebApplicationContext: initialization completed in 4432 ms
2019-04-09 12:13:52.378  INFO 17760 --- [main] com.alibaba.druid.pool.DruidDataSource   : {dataSource-1} inited
2019-04-09 12:13:52.438  INFO 17760 --- [main] com.alibaba.druid.pool.DruidDataSource   : {dataSource-2} inited
2019-04-09 12:13:52.461  INFO 17760 --- [main] com.alibaba.druid.pool.DruidDataSource   : {dataSource-3} inited
2019-04-09 12:13:54.947  INFO 17760 --- [main] pertySourcedRequestMappingHandlerMapping : Mapped URL path [/v2/api-docs] onto method [public org.springframework.http.ResponseEntity<springfox.documentation.spring.web.json.Json> springfox.documentation.swagger2.web.Swagger2Controller.getDocumentation(java.lang.String,javax.servlet.http.HttpServletRequest)]
2019-04-09 12:13:55.336  INFO 17760 --- [main] o.s.s.concurrent.ThreadPoolTaskExecutor  : Initializing ExecutorService 'applicationTaskExecutor'
2019-04-09 12:13:55.451  INFO 17760 --- [main] o.s.b.d.a.OptionalLiveReloadServer       : LiveReload server is running on port 35729
2019-04-09 12:13:56.791  INFO 17760 --- [main] d.s.w.p.DocumentationPluginsBootstrapper : Context refreshed
2019-04-09 12:13:56.834  INFO 17760 --- [main] d.s.w.p.DocumentationPluginsBootstrapper : Found 1 custom documentation plugin(s)
2019-04-09 12:13:56.906  INFO 17760 --- [main] s.d.s.w.s.ApiListingReferenceScanner     : Scanning for api listing references
2019-04-09 12:13:57.207  INFO 17760 --- [main] .d.s.w.r.o.CachingOperationNameGenerator : Generating unique operation named: addUsingPOST_1
2019-04-09 12:13:57.210  INFO 17760 --- [main] .d.s.w.r.o.CachingOperationNameGenerator : Generating unique operation named: deleteUsingPOST_1
2019-04-09 12:13:57.213  INFO 17760 --- [main] .d.s.w.r.o.CachingOperationNameGenerator : Generating unique operation named: detailUsingPOST_1
2019-04-09 12:13:57.218  INFO 17760 --- [main] .d.s.w.r.o.CachingOperationNameGenerator : Generating unique operation named: listUsingPOST_1
2019-04-09 12:13:57.225  INFO 17760 --- [main] .d.s.w.r.o.CachingOperationNameGenerator : Generating unique operation named: updateUsingPOST_1
2019-04-09 12:13:57.235  INFO 17760 --- [main] .d.s.w.r.o.CachingOperationNameGenerator : Generating unique operation named: addUsingPOST_2
2019-04-09 12:13:57.238  INFO 17760 --- [main] .d.s.w.r.o.CachingOperationNameGenerator : Generating unique operation named: deleteUsingPOST_2
2019-04-09 12:13:57.241  INFO 17760 --- [main] .d.s.w.r.o.CachingOperationNameGenerator : Generating unique operation named: detailUsingPOST_2
2019-04-09 12:13:57.245  INFO 17760 --- [main] .d.s.w.r.o.CachingOperationNameGenerator : Generating unique operation named: listUsingPOST_2
2019-04-09 12:13:57.247  INFO 17760 --- [main] .d.s.w.r.o.CachingOperationNameGenerator : Generating unique operation named: updateUsingPOST_2
2019-04-09 12:13:57.343  INFO 17760 --- [main] o.s.b.w.embedded.tomcat.TomcatWebServer  : Tomcat started on port(s): 8080 (http) with context path ''
2019-04-09 12:13:57.351  INFO 17760 --- [main] cn.bywin.by.Application                  : Started Application in 12.059 seconds (JVM running for 20.861)
2019-04-09 12:14:03.164  INFO 17760 --- [http-nio-8080-exec-2] o.a.c.c.C.[Tomcat].[localhost].[/]       : Initializing Spring DispatcherServlet 'dispatcherServlet'
2019-04-09 12:14:03.165  INFO 17760 --- [http-nio-8080-exec-2] o.s.web.servlet.DispatcherServlet        : Initializing Servlet 'dispatcherServlet'
2019-04-09 12:14:03.186  INFO 17760 --- [http-nio-8080-exec-2] o.s.web.servlet.DispatcherServlet        : Completed initialization in 21 ms
2019-04-09 12:14:03.838 DEBUG 17760 --- [http-nio-8080-exec-2] c.b.b.dao.HistoryInfoMapper.selectCount  : ==>  Preparing: select count(*) from ehr_patient_historyinfo t 
2019-04-09 12:14:03.921 DEBUG 17760 --- [http-nio-8080-exec-2] c.b.b.dao.HistoryInfoMapper.selectCount  : ==> Parameters: 
2019-04-09 12:14:04.065 DEBUG 17760 --- [http-nio-8080-exec-2] c.b.b.dao.HistoryInfoMapper.selectCount  : <==      Total: 1
2019-04-09 12:14:04.074 DEBUG 17760 --- [http-nio-8080-exec-2] cn.bywin.common.utils.LoggerUtil         : cn.bywin.common.handler.MybatisInterceptor.intercept(48)#DAO方法：cn.bywin.by.dao.HistoryInfoMapper.selectCount
2019-04-09 12:14:04.075 DEBUG 17760 --- [http-nio-8080-exec-2] cn.bywin.common.utils.LoggerUtil         : cn.bywin.common.handler.MybatisInterceptor.intercept(48)#SQL语句：select count(*) from ehr_patient_historyinfo t
2019-04-09 12:14:04.077 DEBUG 17760 --- [http-nio-8080-exec-2] cn.bywin.common.utils.LoggerUtil         : cn.bywin.common.handler.MybatisInterceptor.intercept(48)#执行耗时：530毫秒
2019-04-09 12:14:04.172 DEBUG 17760 --- [http-nio-8080-exec-2] c.b.by.dao.HistoryInfoMapper.selectList  : ==>  Preparing: select t.* from ehr_patient_historyinfo t LIMIT ?,? 
2019-04-09 12:14:04.177 DEBUG 17760 --- [http-nio-8080-exec-2] c.b.by.dao.HistoryInfoMapper.selectList  : ==> Parameters: 0(Integer), 10(Integer)
2019-04-09 12:14:04.214 DEBUG 17760 --- [http-nio-8080-exec-2] c.b.by.dao.HistoryInfoMapper.selectList  : <==      Total: 7
2019-04-09 12:14:04.217 DEBUG 17760 --- [http-nio-8080-exec-2] cn.bywin.common.utils.LoggerUtil         : cn.bywin.common.handler.MybatisInterceptor.intercept(48)#DAO方法：cn.bywin.by.dao.HistoryInfoMapper.selectList
2019-04-09 12:14:04.218 DEBUG 17760 --- [http-nio-8080-exec-2] cn.bywin.common.utils.LoggerUtil         : cn.bywin.common.handler.MybatisInterceptor.intercept(48)#SQL语句：select t.* from ehr_patient_historyinfo t LIMIT '0','10'
2019-04-09 12:14:04.218 DEBUG 17760 --- [http-nio-8080-exec-2] cn.bywin.common.utils.LoggerUtil         : cn.bywin.common.handler.MybatisInterceptor.intercept(48)#执行耗时：56毫秒
2019-04-09 12:14:04.227 DEBUG 17760 --- [http-nio-8080-exec-2] c.b.b.dao.HistoryInfoMapper.selectCount  : ==>  Preparing: select count(*) from ehr_patient_historyinfo t 
2019-04-09 12:14:04.228 DEBUG 17760 --- [http-nio-8080-exec-2] c.b.b.dao.HistoryInfoMapper.selectCount  : ==> Parameters: 
2019-04-09 12:14:04.231 DEBUG 17760 --- [http-nio-8080-exec-2] c.b.b.dao.HistoryInfoMapper.selectCount  : <==      Total: 1
2019-04-09 12:14:04.234 DEBUG 17760 --- [http-nio-8080-exec-2] cn.bywin.common.utils.LoggerUtil         : cn.bywin.common.handler.MybatisInterceptor.intercept(48)#DAO方法：cn.bywin.by.dao.HistoryInfoMapper.selectCount
2019-04-09 12:14:04.236 DEBUG 17760 --- [http-nio-8080-exec-2] cn.bywin.common.utils.LoggerUtil         : cn.bywin.common.handler.MybatisInterceptor.intercept(48)#SQL语句：select count(*) from ehr_patient_historyinfo t
2019-04-09 12:14:04.236 DEBUG 17760 --- [http-nio-8080-exec-2] cn.bywin.common.utils.LoggerUtil         : cn.bywin.common.handler.MybatisInterceptor.intercept(48)#执行耗时：15毫秒
2019-04-09 12:14:04.237 DEBUG 17760 --- [http-nio-8080-exec-2] c.b.by.dao.HistoryInfoMapper.selectList  : ==>  Preparing: select t.* from ehr_patient_historyinfo t LIMIT ?,? 
2019-04-09 12:14:04.238 DEBUG 17760 --- [http-nio-8080-exec-2] c.b.by.dao.HistoryInfoMapper.selectList  : ==> Parameters: 0(Integer), 10(Integer)
2019-04-09 12:14:04.239 DEBUG 17760 --- [http-nio-8080-exec-2] c.b.by.dao.HistoryInfoMapper.selectList  : <==      Total: 0
2019-04-09 12:14:04.240 DEBUG 17760 --- [http-nio-8080-exec-2] cn.bywin.common.utils.LoggerUtil         : cn.bywin.common.handler.MybatisInterceptor.intercept(48)#DAO方法：cn.bywin.by.dao.HistoryInfoMapper.selectList
2019-04-09 12:14:04.240 DEBUG 17760 --- [http-nio-8080-exec-2] cn.bywin.common.utils.LoggerUtil         : cn.bywin.common.handler.MybatisInterceptor.intercept(48)#SQL语句：select t.* from ehr_patient_historyinfo t LIMIT '0','10'
2019-04-09 12:14:04.241 DEBUG 17760 --- [http-nio-8080-exec-2] cn.bywin.common.utils.LoggerUtil         : cn.bywin.common.handler.MybatisInterceptor.intercept(48)#执行耗时：3毫秒
2019-04-09 12:14:04.242  INFO 17760 --- [http-nio-8080-exec-2] cn.bywin.common.utils.LoggerUtil         : ACCESS_LOG#0:0:0:0:0:0:0:1#http://localhost:8080/historyinfo/list2#cn.bywin.by.controller.HistoryInfoController#list2#POST#[{"t":"1"}]#758
